<?xml version="1.0" encoding="UTF-8"?>
<!-- Generated by org.testng.reporters.JUnitXMLReporter -->
<testsuite ignored="0" hostname="garuda" failures="0" tests="6" name="Test" time="189.712" errors="0" timestamp="2024-12-29T18:33:24 IST">
  <testcase classname="batchExecution.DWSGiftCardsTestCase1" name="giftCards" time="16.811"/>
  <testcase classname="batchExecution.TestCase2DWS" name="main" time="41.546"/>
  <testcase classname="batchExecution.TestCase3DigitalDownloads" name="digitalDownloads" time="12.242"/>
  <testcase classname="batchExecution.TestCase4DwsDrpdowns" name="dropdowns" time="10.073"/>
  <testcase classname="batchExecution.TestCase5SocialLinks" name="main" time="19.674"/>
  <testcase classname="batchExecution.TestCase6LinksTwitter" name="main" time="14.579"/>
</testsuite> <!-- Test -->
